<?xml version="1.0" encoding="UTF-8"?>
<!-- Generated by org.testng.reporters.JUnitXMLReporter -->
<testsuite ignored="4" hostname="DESKTOP-SG1QV75" failures="0" tests="1" name="Default test" time="0.105" errors="0" timestamp="2021-03-14T22:08:08 IST">
  <testcase classname="io.gmail.login.Gmail_login" name="init" time="0.01"/>
  <testcase classname="io.gmail.login.Gmail_login" name="driverclose" time="0.0">
    <ignored/>
  </testcase> <!-- driverclose -->
  <testcase classname="io.gmail.login.Gmail_login" name="login" time="0.0">
    <ignored/>
  </testcase> <!-- login -->
  <testcase classname="io.gmail.login.Gmail_login" name="opernurl" time="0.0">
    <ignored/>
  </testcase> <!-- opernurl -->
  <testcase classname="io.gmail.login.Gmail_login" name="Verification" time="0.0">
    <ignored/>
  </testcase> <!-- Verification -->
</testsuite> <!-- Default test -->
